Running task number 316
/home1/efeghhi/.conda/envs/env3/lib/python3.7/site-packages/ptsa/data/timeseries.py:526: FutureWarning: xarray subclass TimeSeriesX should explicitly define __slots__
  class TimeSeriesX(TimeSeries):
/home1/efeghhi/.conda/envs/env3/lib/python3.7/site-packages/statsmodels/tools/_testing.py:19: FutureWarning: pandas.util.testing is deprecated. Use the functions in the public API at pandas.testing instead.
  import pandas.util.testing as tm
/home1/efeghhi/.conda/envs/env3/lib/python3.7/site-packages/outdated/utils.py:18: OutdatedPackageWarning: The package outdated is out of date. Your version is 0.2.0, the latest is 0.2.2.
Set the environment variable OUTDATED_IGNORE=1 to disable these warnings.
  **kwargs
/home1/efeghhi/.conda/envs/env3/lib/python3.7/site-packages/outdated/utils.py:18: OutdatedPackageWarning: The package pingouin is out of date. Your version is 0.3.4, the latest is 0.5.4.
Set the environment variable OUTDATED_IGNORE=1 to disable these warnings.
  **kwargs
Traceback (most recent call last):
  File "/home1/efeghhi/ripple_memory/create_events_mne.py", line 178, in ClusterRunSWRs
    row = temp_df[param]
IndexError: list index out of range

During handling of the above exception, another exception occurred:

Traceback (most recent call last):
  File "/home1/efeghhi/ripple_memory/create_events_mne.py", line 843, in <module>
    selected_region=selected_region, exp=exp, n_jobs=8)
  File "/home1/efeghhi/ripple_memory/create_events_mne.py", line 783, in ClusterRunSWRs
    add_session_to_exclude_list(f"An exception occurred: {e}")
UnboundLocalError: local variable 'add_session_to_exclude_list' referenced before assignment
